\BOOKMARK [0][-]{figure.caption.1}{Resumen}{}% 1
\BOOKMARK [0][-]{figure.caption.1}{Abstract}{}% 2
\BOOKMARK [0][-]{chapter*.3}{\315ndice de figuras}{}% 3
\BOOKMARK [0][-]{chapter*.4}{\315ndice de tablas}{}% 4
\BOOKMARK [0][-]{chapter*.6}{Acr\363nimos y s\355mbolos}{}% 5
\BOOKMARK [0][-]{chapter.1}{Introducci\363n}{}% 6
\BOOKMARK [1][-]{section.1.1}{Motivaci\363n}{chapter.1}% 7
\BOOKMARK [1][-]{section.1.2}{Definici\363n del problema}{chapter.1}% 8
\BOOKMARK [1][-]{section.1.3}{Objetivos, hip\363tesis, justificaci\363n y delimitaci\363n del alcance del tratado.}{chapter.1}% 9
\BOOKMARK [2][-]{subsection.1.3.1}{Objetivo General}{section.1.3}% 10
\BOOKMARK [2][-]{subsection.1.3.2}{Objetivo Espec\355ficos}{section.1.3}% 11
\BOOKMARK [2][-]{subsection.1.3.3}{Hip\363tesis}{section.1.3}% 12
\BOOKMARK [2][-]{subsection.1.3.4}{Justificaci\363n del Estudio.}{section.1.3}% 13
\BOOKMARK [2][-]{subsection.1.3.5}{Alcance del Trabajo.}{section.1.3}% 14
\BOOKMARK [1][-]{section.1.4}{Descripci\363n de los Contenidos por Cap\355tulo}{chapter.1}% 15
\BOOKMARK [1][-]{section.1.5}{Tipo de Investigaci\363n}{chapter.1}% 16
\BOOKMARK [2][-]{subsection.1.5.1}{Investigaci\363n Tecnol\363gica}{section.1.5}% 17
\BOOKMARK [2][-]{subsection.1.5.2}{Modalidad}{section.1.5}% 18
\BOOKMARK [1][-]{section.1.6}{Resultado del Diagn\363stico.}{chapter.1}% 19
\BOOKMARK [2][-]{subsection.1.6.1}{Relevamiento}{section.1.6}% 20
\BOOKMARK [2][-]{subsection.1.6.2}{Planteamiento del Problema}{section.1.6}% 21
\BOOKMARK [2][-]{subsection.1.6.3}{Pregunta General}{section.1.6}% 22
\BOOKMARK [2][-]{subsection.1.6.4}{Preguntas Espec\355ficas}{section.1.6}% 23
\BOOKMARK [1][-]{section.1.7}{Antecedentes}{chapter.1}% 24
\BOOKMARK [0][-]{chapter.2}{RadioFrecuencia}{}% 25
\BOOKMARK [1][-]{section.2.1}{Marco Te\363rico}{chapter.2}% 26
\BOOKMARK [2][-]{subsection.2.1.1}{Radiofrecuencia}{section.2.1}% 27
\BOOKMARK [2][-]{subsection.2.1.2}{Ancho de Banda}{section.2.1}% 28
\BOOKMARK [2][-]{subsection.2.1.3}{Ondas Electromagn\351ticas}{section.2.1}% 29
\BOOKMARK [2][-]{subsection.2.1.4}{Polarizaci\363n}{section.2.1}% 30
\BOOKMARK [2][-]{subsection.2.1.5}{Tipos de Polarizaci\363n}{section.2.1}% 31
\BOOKMARK [2][-]{subsection.2.1.6}{Usos de la Polarizaci\363n}{section.2.1}% 32
\BOOKMARK [2][-]{subsection.2.1.7}{Caracter\355sticas fundamentales de las ondas de radio}{section.2.1}% 33
\BOOKMARK [2][-]{subsection.2.1.8}{Reflexi\363n Y Refracci\363n De Ondas}{section.2.1}% 34
\BOOKMARK [2][-]{subsection.2.1.9}{Reflexi\363n y Transmisi\363n}{section.2.1}% 35
\BOOKMARK [2][-]{subsection.2.1.10}{Refracci\363n}{section.2.1}% 36
\BOOKMARK [2][-]{subsection.2.1.11}{Dispersi\363n}{section.2.1}% 37
\BOOKMARK [2][-]{subsection.2.1.12}{Difracci\363n}{section.2.1}% 38
\BOOKMARK [2][-]{subsection.2.1.13}{Transmisi\363n y Recepci\363n}{section.2.1}% 39
\BOOKMARK [2][-]{subsection.2.1.14}{Usos de la radiofrecuencia}{section.2.1}% 40
\BOOKMARK [2][-]{subsection.2.1.15}{Caracter\355sticas y tipos de enlaces}{section.2.1}% 41
\BOOKMARK [2][-]{subsection.2.1.16}{Propagaci\363n radioel\351ctrica}{section.2.1}% 42
\BOOKMARK [2][-]{subsection.2.1.17}{Sistemas de radiocomunicaciones inal\341mbricas}{section.2.1}% 43
\BOOKMARK [2][-]{subsection.2.1.18}{L\355nea de vista directa}{section.2.1}% 44
\BOOKMARK [2][-]{subsection.2.1.19}{La Zona de Fresnel}{section.2.1}% 45
\BOOKMARK [2][-]{subsection.2.1.20}{Energ\355a}{section.2.1}% 46
\BOOKMARK [2][-]{subsection.2.1.21}{C\341lculo en dBs}{section.2.1}% 47
\BOOKMARK [2][-]{subsection.2.1.22}{Ventajas de un enlace inal\341mbrico}{section.2.1}% 48
\BOOKMARK [2][-]{subsection.2.1.23}{Estructura de un radio enlace}{section.2.1}% 49
\BOOKMARK [2][-]{subsection.2.1.24}{Enlaces Punto - Punto}{section.2.1}% 50
\BOOKMARK [2][-]{subsection.2.1.25}{Enlaces Punto - Multipunto}{section.2.1}% 51
\BOOKMARK [2][-]{subsection.2.1.26}{Conexi\363n De Rejilla O Malla}{section.2.1}% 52
\BOOKMARK [2][-]{subsection.2.1.27}{Distribuci\363n De Acceso Inal\341mbrico \(HotSpot\)}{section.2.1}% 53
\BOOKMARK [2][-]{subsection.2.1.28}{Sistemas de microondas}{section.2.1}% 54
\BOOKMARK [2][-]{subsection.2.1.29}{Radiocomunicaciones por sat\351lite}{section.2.1}% 55
\BOOKMARK [2][-]{subsection.2.1.30}{Red Privada}{section.2.1}% 56
\BOOKMARK [2][-]{subsection.2.1.31}{Red P\372blica}{section.2.1}% 57
\BOOKMARK [2][-]{subsection.2.1.32}{Red Privada Virtual}{section.2.1}% 58
\BOOKMARK [0][-]{chapter.3}{Definici\363n de VPN}{}% 59
\BOOKMARK [1][-]{subsection.3.0.1}{Terminolog\355a}{chapter.3}% 60
\BOOKMARK [2][-]{subsection.3.0.2}{Clasificaci\363n}{subsection.3.0.1}% 61
\BOOKMARK [2][-]{subsection.3.0.3}{VPNs provistas por el cliente o por el proveedor}{subsection.3.0.1}% 62
\BOOKMARK [2][-]{subsection.3.0.4}{VPNS provistas por el cliente \(CE o CPE VPN\)}{subsection.3.0.1}% 63
\BOOKMARK [2][-]{subsection.3.0.5}{VPNs provistas por el Proveedor \(PPVPN\)}{subsection.3.0.1}% 64
\BOOKMARK [2][-]{subsection.3.0.6}{VPNs Sitio a Sitio y de Acceso Remoto}{subsection.3.0.1}% 65
\BOOKMARK [2][-]{subsection.3.0.7}{VPNs de capa 2 y capa 3}{subsection.3.0.1}% 66
\BOOKMARK [2][-]{subsection.3.0.8}{Integraci\363n de las clasificaciones}{subsection.3.0.1}% 67
\BOOKMARK [2][-]{subsection.3.0.9}{VPN VPWS}{subsection.3.0.1}% 68
\BOOKMARK [2][-]{subsection.3.0.10}{VPN VPLS}{subsection.3.0.1}% 69
\BOOKMARK [2][-]{subsection.3.0.11}{VPN IPLS}{subsection.3.0.1}% 70
\BOOKMARK [2][-]{subsection.3.0.12}{VPN Sitio a Sitio Provistas por el Proveedor de Capa 3 \(L3VPN\)}{subsection.3.0.1}% 71
\BOOKMARK [2][-]{subsection.3.0.13}{Confiables y Seguras}{subsection.3.0.1}% 72
\BOOKMARK [2][-]{subsection.3.0.14}{Overlay y Peer}{subsection.3.0.1}% 73
\BOOKMARK [2][-]{subsection.3.0.15}{VPNs de capa de transporte/aplicaci\363n}{subsection.3.0.1}% 74
\BOOKMARK [2][-]{subsection.3.0.16}{VPN multiservicio}{subsection.3.0.1}% 75
\BOOKMARK [2][-]{subsection.3.0.17}{Aplicaciones}{subsection.3.0.1}% 76
\BOOKMARK [2][-]{subsection.3.0.18}{Extranets}{subsection.3.0.1}% 77
\BOOKMARK [2][-]{subsection.3.0.19}{Servicio VPN provisto por un proveedor}{subsection.3.0.1}% 78
\BOOKMARK [2][-]{subsection.3.0.20}{Calidad de servicio \(QoS\) y Acuerdos de nivel de servicio \(SLA\)}{subsection.3.0.1}% 79
\BOOKMARK [2][-]{subsection.3.0.21}{Creaci\363n de T\372neles.}{subsection.3.0.1}% 80
\BOOKMARK [2][-]{subsection.3.0.22}{Tunneling}{subsection.3.0.1}% 81
\BOOKMARK [2][-]{subsection.3.0.23}{Comparativa entre tecnolog\355as VPN}{subsection.3.0.1}% 82
\BOOKMARK [2][-]{subsection.3.0.24}{Aspectos Legales}{subsection.3.0.1}% 83
\BOOKMARK [0][-]{chapter.4}{Software RouterOS.}{}% 84
\BOOKMARK [1][-]{section.4.1}{Winbox.}{chapter.4}% 85
\BOOKMARK [1][-]{section.4.2}{Configuraci\363n IP.}{chapter.4}% 86
\BOOKMARK [1][-]{section.4.3}{Telnet}{chapter.4}% 87
\BOOKMARK [1][-]{section.4.4}{Webbox}{chapter.4}% 88
\BOOKMARK [1][-]{section.4.5}{SSH}{chapter.4}% 89
\BOOKMARK [1][-]{section.4.6}{Radio Mobile}{chapter.4}% 90
\BOOKMARK [1][-]{section.4.7}{Google Earth}{chapter.4}% 91
\BOOKMARK [0][-]{chapter.5}{Procedimientos generales para la instalaci\363n de los enlaces}{}% 92
\BOOKMARK [1][-]{section.5.1}{Equipos a ser utilizados}{chapter.5}% 93
\BOOKMARK [1][-]{section.5.2}{Configuraci\363n de radios}{chapter.5}% 94
\BOOKMARK [2][-]{subsection.5.2.1}{Mikrotik RouterOS - enlaces punto - punto.}{section.5.2}% 95
\BOOKMARK [2][-]{subsection.5.2.2}{Configuraci\363n AP}{section.5.2}% 96
\BOOKMARK [2][-]{subsection.5.2.3}{Configuraci\363n Estaci\363n.}{section.5.2}% 97
\BOOKMARK [1][-]{section.5.3}{Configuraci\363n de VPN}{chapter.5}% 98
\BOOKMARK [2][-]{subsection.5.3.1}{Configuraci\363n VPN Server}{section.5.3}% 99
\BOOKMARK [2][-]{subsection.5.3.2}{Configuraci\363n VPN Cliente}{section.5.3}% 100
\BOOKMARK [0][-]{chapter.6}{Conclusi\363n y recomendaciones}{}% 101
\BOOKMARK [0][-]{chapter.6}{Glosario}{}% 102
\BOOKMARK [0][-]{chapter*.118}{Anexo A.}{}% 103
\BOOKMARK [1][-]{section.6.1}{Configuraciones del MK1}{chapter*.118}% 104
\BOOKMARK [1][-]{section.6.2}{Configuraciones del MK2}{chapter*.118}% 105
\BOOKMARK [1][-]{section.6.3}{Configuraciones del MK3}{chapter*.118}% 106
\BOOKMARK [1][-]{section.6.4}{Configuraciones del MK4}{chapter*.118}% 107
\BOOKMARK [0][-]{section.6.4}{Referencias bibliogr\341ficas}{}% 108
